<?xml version="1.0" encoding="UTF-8" ?>
<testsuite tests="12" failures="0" name="EzPay.Transactions.Test.TransactionFilterImpTest" time="0.364" errors="0" skipped="0">
  <properties>
    <property name="java.runtime.name" value="OpenJDK Runtime Environment"/>
    <property name="java.vm.version" value="17.0.1+12"/>
    <property name="sun.boot.library.path" value="C:\Users\avina\Downloads\eclipse-jee-2021-12-R-win32-x86_64\eclipse\plugins\org.eclipse.justj.openjdk.hotspot.jre.full.win32.x86_64_17.0.1.v20211116-1657\jre\bin"/>
    <property name="maven.multiModuleProjectDirectory" value="C:\Users\avina\git\repository\Transactions"/>
    <property name="java.vm.vendor" value="Eclipse Adoptium"/>
    <property name="java.vendor.url" value="https://adoptium.net/"/>
    <property name="guice.disable.misplaced.annotation.check" value="true"/>
    <property name="path.separator" value=";"/>
    <property name="java.vm.name" value="OpenJDK 64-Bit Server VM"/>
    <property name="sun.os.patch.level" value=""/>
    <property name="user.script" value=""/>
    <property name="user.country" value="IN"/>
    <property name="sun.java.launcher" value="SUN_STANDARD"/>
    <property name="java.vm.specification.name" value="Java Virtual Machine Specification"/>
    <property name="user.dir" value="C:\Users\avina\git\repository\Transactions"/>
    <property name="java.vm.compressedOopsMode" value="32-bit"/>
    <property name="java.runtime.version" value="17.0.1+12"/>
    <property name="os.arch" value="amd64"/>
    <property name="java.io.tmpdir" value="C:\Users\avina\AppData\Local\Temp\"/>
    <property name="line.separator" value="
"/>
    <property name="java.vm.specification.vendor" value="Oracle Corporation"/>
    <property name="user.variant" value=""/>
    <property name="os.name" value="Windows 10"/>
    <property name="classworlds.conf" value="C:\Users\avina\eclipse-workspace\.metadata\.plugins\org.eclipse.m2e.launching\launches\m2conf15526671996766677435.tmp"/>
    <property name="sun.jnu.encoding" value="Cp1252"/>
    <property name="java.library.path" value="C:\Users\avina\Downloads\eclipse-jee-2021-12-R-win32-x86_64\eclipse\plugins\org.eclipse.justj.openjdk.hotspot.jre.full.win32.x86_64_17.0.1.v20211116-1657\jre\bin;C:\WINDOWS\Sun\Java\bin;C:\WINDOWS\system32;C:\WINDOWS;C:/Users/avina/Downloads/eclipse-jee-2021-12-R-win32-x86_64/eclipse//plugins/org.eclipse.justj.openjdk.hotspot.jre.full.win32.x86_64_17.0.1.v20211116-1657/jre/bin/server;C:/Users/avina/Downloads/eclipse-jee-2021-12-R-win32-x86_64/eclipse//plugins/org.eclipse.justj.openjdk.hotspot.jre.full.win32.x86_64_17.0.1.v20211116-1657/jre/bin;C:\oraclexe\app\oracle\product\11.2.0\server\bin;;C:\Program Files\Common Files\Oracle\Java\javapath;C:\WINDOWS\system32;C:\WINDOWS;C:\WINDOWS\System32\Wbem;C:\WINDOWS\System32\WindowsPowerShell\v1.0\;C:\WINDOWS\System32\OpenSSH\;C:\MinGW\bin;C:\Program Files\Java\jdk-19\bin;C:\Users\avina\anaconda3;C:\Program Files\Git\cmd;C:\Program Files\nodejs\;C:\Program Files\Cloudflare\Cloudflare WARP\;C:\Users\avina\AppData\Local\Programs\Python\Python312\Scripts\;C:\Users\avina\AppData\Local\Programs\Python\Python312\;C:\Users\avina\AppData\Local\Microsoft\WindowsApps;C:\Users\avina\AppData\Local\Programs\Microsoft VS Code\bin;C:\Program Files\Java\jdk-19\bin;;C:\Users\avina\AppData\Local\Programs\Ollama;C:\Users\avina\AppData\Roaming\npm;C:\Users\avina\Downloads\eclipse-jee-2021-12-R-win32-x86_64\eclipse;;."/>
    <property name="jdk.debug" value="release"/>
    <property name="java.class.version" value="61.0"/>
    <property name="java.specification.name" value="Java Platform API Specification"/>
    <property name="sun.management.compiler" value="HotSpot 64-Bit Tiered Compilers"/>
    <property name="os.version" value="10.0"/>
    <property name="user.home" value="C:\Users\avina"/>
    <property name="user.timezone" value="Asia/Calcutta"/>
    <property name="file.encoding" value="Cp1252"/>
    <property name="java.specification.version" value="17"/>
    <property name="user.name" value="avina"/>
    <property name="java.class.path" value="C:\Users\avina\Downloads\eclipse-jee-2021-12-R-win32-x86_64\eclipse\plugins\org.eclipse.m2e.maven.runtime_1.18.1.20211011-2139\jars\plexus-classworlds-2.6.0.jar"/>
    <property name="java.vm.specification.version" value="17"/>
    <property name="sun.arch.data.model" value="64"/>
    <property name="sun.java.command" value="org.codehaus.plexus.classworlds.launcher.Launcher -B install"/>
    <property name="java.home" value="C:\Users\avina\Downloads\eclipse-jee-2021-12-R-win32-x86_64\eclipse\plugins\org.eclipse.justj.openjdk.hotspot.jre.full.win32.x86_64_17.0.1.v20211116-1657\jre"/>
    <property name="user.language" value="en"/>
    <property name="java.specification.vendor" value="Oracle Corporation"/>
    <property name="java.vm.info" value="mixed mode"/>
    <property name="java.version" value="17.0.1"/>
    <property name="native.encoding" value="Cp1252"/>
    <property name="java.vendor" value="Eclipse Adoptium"/>
    <property name="maven.home" value="C:\Users\avina\git\repository\Transactions\EMBEDDED"/>
    <property name="file.separator" value="\"/>
    <property name="java.version.date" value="2021-10-19"/>
    <property name="java.vendor.url.bug" value="https://github.com/adoptium/adoptium-support/issues"/>
    <property name="sun.io.unicode.encoding" value="UnicodeLittle"/>
    <property name="sun.cpu.endian" value="little"/>
    <property name="java.vendor.version" value="Temurin-17.0.1+12"/>
    <property name="sun.cpu.isalist" value="amd64"/>
  </properties>
  <testcase classname="EzPay.Transactions.Test.TransactionFilterImpTest" name="testGetTransactionsByAmount" time="0.193"/>
  <testcase classname="EzPay.Transactions.Test.TransactionFilterImpTest" name="testGetTransactionsByMode" time="0.011"/>
  <testcase classname="EzPay.Transactions.Test.TransactionFilterImpTest" name="testGetTransactionsByType" time="0.025"/>
  <testcase classname="EzPay.Transactions.Test.TransactionFilterImpTest" name="testGetTransactionsByDescription" time="0.015"/>
  <testcase classname="EzPay.Transactions.Test.TransactionFilterImpTest" name="testGetTransactionsBySenderAccount" time="0.013"/>
  <testcase classname="EzPay.Transactions.Test.TransactionFilterImpTest" name="testGetAllTransactions" time="0.024"/>
  <testcase classname="EzPay.Transactions.Test.TransactionFilterImpTest" name="testGetTransactionsByCurrency" time="0.011"/>
  <testcase classname="EzPay.Transactions.Test.TransactionFilterImpTest" name="testGetTransactionsByMaxAmount" time="0.023"/>
  <testcase classname="EzPay.Transactions.Test.TransactionFilterImpTest" name="testGetTransactionsByReceiverAccount" time="0.009"/>
  <testcase classname="EzPay.Transactions.Test.TransactionFilterImpTest" name="testGetTransactionsByMinAmount" time="0.01"/>
  <testcase classname="EzPay.Transactions.Test.TransactionFilterImpTest" name="testGetTransactionsByDateRange" time="0.021"/>
  <testcase classname="EzPay.Transactions.Test.TransactionFilterImpTest" name="testGetTransactionByTransactionId" time="0.009"/>
</testsuite>